0 info it worked if it ends with ok
1 verbose cli [ '/Users/mikee/.nvm/versions/node/v5.9.0/bin/node',
1 verbose cli   '/Users/mikee/.nvm/versions/node/v5.9.0/bin/npm',
1 verbose cli   'publish' ]
2 info using npm@3.7.3
3 info using node@v5.9.0
4 verbose publish [ '.' ]
5 silly cache add args [ '.', null ]
6 verbose cache add spec .
7 silly cache add parsed spec Result {
7 silly cache add   raw: '.',
7 silly cache add   scope: null,
7 silly cache add   name: null,
7 silly cache add   rawSpec: '.',
7 silly cache add   spec: '/Users/mikee/Documents/Projects/gulp-phpunit',
7 silly cache add   type: 'directory' }
8 verbose addLocalDirectory /Users/mikee/.npm/gulp-phpunit/0.14.0/package.tgz not in flight; packing
9 verbose correctMkdir /Users/mikee/.npm correctMkdir not in flight; initializing
10 info lifecycle gulp-phpunit@0.14.0~prepublish: gulp-phpunit@0.14.0
11 silly lifecycle gulp-phpunit@0.14.0~prepublish: no script for prepublish, continuing
12 verbose tar pack [ '/Users/mikee/.npm/gulp-phpunit/0.14.0/package.tgz',
12 verbose tar pack   '/Users/mikee/Documents/Projects/gulp-phpunit' ]
13 verbose tarball /Users/mikee/.npm/gulp-phpunit/0.14.0/package.tgz
14 verbose folder /Users/mikee/Documents/Projects/gulp-phpunit
15 verbose addLocalTarball adding from inside cache /Users/mikee/.npm/gulp-phpunit/0.14.0/package.tgz
16 verbose correctMkdir /Users/mikee/.npm correctMkdir not in flight; initializing
17 silly cache afterAdd gulp-phpunit@0.14.0
18 verbose afterAdd /Users/mikee/.npm/gulp-phpunit/0.14.0/package/package.json not in flight; writing
19 verbose correctMkdir /Users/mikee/.npm correctMkdir not in flight; initializing
20 verbose afterAdd /Users/mikee/.npm/gulp-phpunit/0.14.0/package/package.json written
21 silly publish { name: 'gulp-phpunit',
21 silly publish   version: '0.14.0',
21 silly publish   description: 'PHPUnit plugin for Gulp',
21 silly publish   main: 'index.js',
21 silly publish   dependencies:
21 silly publish    { chalk: '^1.0.0',
21 silly publish      'gulp-messenger': '0.12.0',
21 silly publish      lodash: '4.6.1',
21 silly publish      'map-stream': '~0.0.4',
21 silly publish      'node-notifier': '4.3.1',
21 silly publish      shelljs: '0.6.0' },
21 silly publish   devDependencies:
21 silly publish    { gulp: '3.9.1',
21 silly publish      'gulp-mocha': '^0.5.2',
21 silly publish      'gulp-notify': '^2.2.0',
21 silly publish      'gulp-shell': '0.5.2',
21 silly publish      'gulp-util': '3.0.7',
21 silly publish      jshint: '^2.5.3',
21 silly publish      mocha: '1.21.5',
21 silly publish      should: '^4.0.4' },
21 silly publish   scripts: { test: 'mocha --reporter spec && jshint ./*.js && jshint ./test/*.js' },
21 silly publish   repository:
21 silly publish    { type: 'git',
21 silly publish      url: 'git://github.com/mikeerickson/gulp-phpunit.git' },
21 silly publish   keywords: [ 'gulpplugin', 'phpunit' ],
21 silly publish   author: { name: 'codedungeon', email: 'codedungeon@gmail.com' },
21 silly publish   license: 'MIT',
21 silly publish   bugs: { url: 'https://github.com/mikeerickson/gulp-phpunit/issues' },
21 silly publish   engines: { node: '>=0.10.0' },
21 silly publish   readme: '# gulp-phpunit\nPHPUnit plugin for gulp 3\n\n## Installation\n\nFirst, install `gulp-phpunit` as a development dependency:\n\n```shell\nnpm install --save-dev gulp-phpunit\n```\n\n#### Laravel Elixir Users\nIf you are using gulp-phpunit with laravel-elixir prior to version 4.0, it will install gulp-phpunit 0.9.0. If you wish to upgrade to the lastest version of gulp-phpunit, you can do so by performing the following:\n\n```shell\n$ cd node_modules/laravel-elixir\n$ npm install -S gulp-phpunit@latest\n```\n\n#### Laravel Elixir Duplicate Notifications\nAs of this release, the current version of Elixir 4.0.x, notification messages are used throughout Elixir operation, thus you may want to disable gulp-phpunit default notifications.\nThis can be done using the optional `options` passed to mix.phpUnit as follows (for more information about available gulp-phpunit options, please refer to descriptions below)\n\n````\nelixir(function(mix) {\n  mix.phpUnit(\'\',{notify: false});   // this will disable gulp-phpUnit internal notifications\n});\n````\n\n## Usage\n\nAfter you have installed plugin, reference in to your `gulpfile.js`:\n\n```javascript\nvar phpunit = require(\'gulp-phpunit\');\n```\n\n**Option 1:** Default format, equivelant to using `phpunit` in command line (no options).\n\n```javascript\nvar gulp    = require(\'gulp\');\nvar phpunit = require(\'gulp-phpunit\');\n\ngulp.task(\'phpunit\', function() {\n  gulp.src(\'\')\n    .pipe(phpunit());\n});\n```\n\n**Option 2:** With defined bin and options.\n\n```javascript\nvar gulp    = require(\'gulp\');\nvar phpunit = require(\'gulp-phpunit\');\n\ngulp.task(\'phpunit\', function() {\n  var options = {debug: false};\n  gulp.src(\'phpunit.xml\')\n    .pipe(phpunit(\'./vendor/bin/phpunit\',options));\n});\n```\n\n**Option 3:** With custom options, using separate configuration file, disabling status line\n\n```javascript\nvar gulp    = require(\'gulp\');\nvar phpunit = require(\'gulp-phpunit\');\n\ngulp.task(\'phpunit\', function() {\n  var options = {\n    debug:             true,\n    statusLine:        false,\n    configurationFile: \'./test.xml\'\n  };\n  gulp.src(\'phpunit.xml\')\n    .pipe(phpunit(\'./vendor/bin/phpunit\', options));\n});\n```\n\n**Note:** Windows OS may require double backslashes if using other than default location \n\n```javascript\nvar phpunit = require(\'gulp-phpunit\');\n\ngulp.task(\'phpunit\', function() {\n  gulp.src(\'phpunit.xml\')\n    .pipe(phpunit(\'.\\\\path\\\\to\\\\phpunit\'));\n});\n```\n\n## API\n\n### phpunit(phpunitpath,options)\n\n#### phpunitpath\n\nType: `String`\n\nThe path to the desired PHPUnit binary\n- If not supplied, the default path will be `./vendor/bin/phpunit`\n\n#### options.debug\nType:    `Boolean`\nDefault: `false`\n\nDebug mode enabled (enables --debug switch as well)\n\n#### options.clear\nType:    `Boolean`\nDefault: `false`\n\nClear console before executing command\n\n#### options.dryRun\nType:    `Boolean`\nDefault: `false`\n\nExecutes dry run (doesn\'t actually execute tests, just echo command that would be executed)\n\n#### options.notify\nType:    `Boolean`\nDefault: `true`\n\nConditionally display notification (both console and growl where applicable)\n\n#### options.statusLine\nType:    `Boolean`\nDefault: `true`\n\nDisplays status lines as follows\n\n  - green for passing tests\n  - red for failing tests\n  - yellow for tests which have `debug` property enabled (will also display red, green status)\n\n\n\n### PHPUnit Options\n\nIn addition to plugin options, the following PHPUnit specific options may be configured.  For more information (and default values), visit the help supplied by PHPUnit\n\n$ phpunit --help \n\n#### options.testClass\nType: `String`\n\nDefine a specific class for testing (supply full path to test class)\n\n#### options.testSuite\nType: `String`\n\nDefine a specific test suite for testing (supply full path to test suite)\n\n#### options.configurationFile\nType: `String`\n\nDefine a path to an xml configuration file (supply full path and filename)\n\n  - If `.xml` file supplied as task source, it will be used as configuration file\n  - If `configurationFile` property supplied in options, it will be used as configuration file\n  - If you enable `noConfigurationFile` property, no configuration file will be used\n\n\n\n## Code Coverage Options:\n\nCall user supplied callback to handle notification\n\n#### options.coverageClover\nType: `String`\n\nGenerate code coverage report in Clover XML format.\n\n#### options.coverageCrap4j\nType: `String`\n\nGenerate code coverage report in Crap4J XML format.\n\n#### options.coverageHtml\nType: `String`\n\nGenerate code coverage report in HTML format.\n\n#### options.coveragePhp\nType: `String`\n\nExport PHP_CodeCoverage object to file.\n\n#### options.coverageText\nType: `String`\n\nGenerate code coverage report in text format.\n-- Default: Standard output.\n\n#### options.coverageXml\nType: `String`\n\nGenerate code coverage report in PHPUnit XML format.\n\n\n## Logging Options:\n\n#### options.logJunit\nType: `String`\n\nLog test execution in JUnit XML format to file.\n\n#### options.logTap\nType: `String`\n\nLog test execution in TAP format to file.\n\n#### options.logJson\nType: `String`\n\nLog test execution in JSON format.\n\n#### options.testdoxHtml\nType: `String`\n\nWrite agile documentation in HTML format to file.\n\n#### options.testdoxText\nType: `String`\n\nWrite agile documentation in Text format to file.\n\n## Test Selection Options:\n\n#### options.filter (pattern)\nType: `String`\n\nFilter which tests to run.\n\n#### options.testSuite (pattern)\nType: `String`\n\nFilter which testsuite to run.\n\n#### options.group (pattern)\nType: `String`\n\nOnly runs tests from the specified group(s).\n\n#### options.excludeGroup\nType: `String`\n\nExclude tests from the specified group(s).\n\n#### options.listGroups\nType: `String`\n\nList available test groups.\n\n#### options.testSuffix\nType: `String`\n\nOnly search for test in files with specified suffix(es). Default: Test.php,.phpt\n\n## Test Execution Options:\n\n#### options.reportUselessTests\nType: `String`\n\nBe strict about tests that do not test anything.\n\n#### options.strictCoverage (default: false)\nType: `Boolean`\n\nBe strict about unintentionally covered code.\n\n#### options.disallowTestOutput (default: false)\nType: `Boolean`\n\nBe strict about output during tests.\n\n#### options.enforceTimeLimit (default: false)\nType: `Boolean`\n\nEnforce time limit based on test size.\n\n#### options.disallowTodoTests (default: false)\nType: `Boolean`\n\nDisallow @todo-annotated tests.\n\n#### options.strict (default: false)\nType: `Boolean`\n\nRun tests in strict mode (enables all of the above).\n\n#### options.processIsolation (default: false)\nType: `Boolean`\n\nRun each test in a separate PHP process.\n\n#### options.noGlobalsBackup (default: false)\nType: `Boolean`\n\nDo not backup and restore $GLOBALS for each test.\n\n#### options.staticBackup (default: false)\nType: `Boolean`\n\nBackup and restore static attributes for each test.\n\n#### options.colors (default: \'always\')\nType:    `String`\nDefault: `always` \n\nUse colors in output ("never", "auto" or "always").\n\nNote: If using PHPUnit < 4.8.x, you can disable colors using \'disabled\' or \'enabled\' options\n  \n  ````\n  phpunit(\'\',{colors: \'disabled\'});  // disable colors\n  phpunit(\'\',{colors: \'enabled\'});   // enable colors\n  ````\n\n#### options.stderr (default: false)\nType: `Boolean`\n\nWrite to STDERR instead of STDOUT.\n\n#### options.stopOnError (default: false)\nType: `Boolean`\n\nStop execution upon first error.\n\n#### options.stopOnFailure (default: false)\nType: `Boolean`\n\nStop execution upon first error or failure.\n\n#### options.stopOnRisky (default: false)\nType: `Boolean`\n\nStop execution upon first risky test.\n\n#### options.stopOnIncomplete (default: false)\nType: `Boolean`\n\nStop execution upon first incomplete test.\n\n#### options.stopOnSkipped (default: false)\nType: `Boolean`\n\nStop execution upon first skipped test.\n\n#### options.loader\nType: `String`\n\nTestSuiteLoader implementation to use.\n\n#### options.repeat\nType: `Integer | String`\n\nRuns the test(s) repeatedly.\n\n#### options.tap\nType: `Boolean`\n\nReport test execution progress in TAP format.\n\n#### options.testdox\nType: `Boolean`\n\nReport test execution progress in TestDox format.\n\n#### options.printer\nType: `String`\n\nTestSuiteListener implementation to use.\n\n## Configuration Options\n\n#### options.bootstrap\nType: `String`\n\nA "bootstrap" PHP file that is run before the tests.\n\n#### options.configurationFile\nType: `String`\n\nRead configuration from XML file.\n\n#### options.noConfiguration\nType: `Boolean`\n\nIgnore default configuration file (phpunit.xml).\n\n#### options.includePath\nType: `Boolean`\n\nPrepend PHP\'s include_path with given path(s).\n\n\n\n## Credits\n\ngulp-phpunit written by Mike Erickson\n\nE-Mail: [codedungeon@gmail.com](mailto:codedungeon@gmail.com)\n\nTwitter: [@codedungeon](http://twitter.com/codedungeon)\n\nWebsite: [codedungeon.org](http://codedungeon.org)\n',
21 silly publish   readmeFilename: 'README.md',
21 silly publish   gitHead: '62aef626205599f216f51081a29be3eea60d6121',
21 silly publish   homepage: 'https://github.com/mikeerickson/gulp-phpunit#readme',
21 silly publish   _id: 'gulp-phpunit@0.14.0',
21 silly publish   _shasum: '56b87c14d7643deb1bd4d46f8a1eda913a49155e',
21 silly publish   _from: '.' }
22 verbose getPublishConfig undefined
23 silly mapToRegistry name gulp-phpunit
24 silly mapToRegistry using default registry
25 silly mapToRegistry registry https://registry.npmjs.org/
26 silly mapToRegistry uri https://registry.npmjs.org/gulp-phpunit
27 verbose publish registryBase https://registry.npmjs.org/
28 silly publish uploading /Users/mikee/.npm/gulp-phpunit/0.14.0/package.tgz
29 verbose request uri https://registry.npmjs.org/gulp-phpunit
30 verbose request sending authorization for write operation
31 info attempt registry request try #1 at 9:14:06 PM
32 verbose request using bearer token for auth
33 verbose request id 8401686fe0efc267
34 http request PUT https://registry.npmjs.org/gulp-phpunit
35 http 403 https://registry.npmjs.org/gulp-phpunit
36 verbose headers { 'content-type': 'application/json',
36 verbose headers   'cache-control': 'max-age=300',
36 verbose headers   'content-length': '96',
36 verbose headers   'accept-ranges': 'bytes',
36 verbose headers   date: 'Sun, 29 May 2016 04:13:42 GMT',
36 verbose headers   via: '1.1 varnish',
36 verbose headers   connection: 'keep-alive',
36 verbose headers   'x-served-by': 'cache-sjc3130-SJC',
36 verbose headers   'x-cache': 'MISS',
36 verbose headers   'x-cache-hits': '0',
36 verbose headers   'x-timer': 'S1464495222.719844,VS0,VE222',
36 verbose headers   vary: 'Accept-Encoding' }
37 verbose request invalidating /Users/mikee/.npm/registry.npmjs.org/gulp-phpunit on PUT
38 error publish Failed PUT 403
39 verbose stack Error: "You cannot publish over the previously published version 0.14.0." : gulp-phpunit
39 verbose stack     at makeError (/Users/mikee/.nvm/versions/node/v5.9.0/lib/node_modules/npm/node_modules/npm-registry-client/lib/request.js:264:12)
39 verbose stack     at CachingRegistryClient.<anonymous> (/Users/mikee/.nvm/versions/node/v5.9.0/lib/node_modules/npm/node_modules/npm-registry-client/lib/request.js:252:14)
39 verbose stack     at Request._callback (/Users/mikee/.nvm/versions/node/v5.9.0/lib/node_modules/npm/node_modules/npm-registry-client/lib/request.js:172:14)
39 verbose stack     at Request.self.callback (/Users/mikee/.nvm/versions/node/v5.9.0/lib/node_modules/npm/node_modules/request/request.js:199:22)
39 verbose stack     at emitTwo (events.js:100:13)
39 verbose stack     at Request.emit (events.js:185:7)
39 verbose stack     at Request.<anonymous> (/Users/mikee/.nvm/versions/node/v5.9.0/lib/node_modules/npm/node_modules/request/request.js:1036:10)
39 verbose stack     at emitOne (events.js:95:20)
39 verbose stack     at Request.emit (events.js:182:7)
39 verbose stack     at IncomingMessage.<anonymous> (/Users/mikee/.nvm/versions/node/v5.9.0/lib/node_modules/npm/node_modules/request/request.js:963:12)
40 verbose statusCode 403
41 verbose pkgid gulp-phpunit
42 verbose cwd /Users/mikee/Documents/Projects/gulp-phpunit
43 error Darwin 15.4.0
44 error argv "/Users/mikee/.nvm/versions/node/v5.9.0/bin/node" "/Users/mikee/.nvm/versions/node/v5.9.0/bin/npm" "publish"
45 error node v5.9.0
46 error npm  v3.7.3
47 error code E403
48 error "You cannot publish over the previously published version 0.14.0." : gulp-phpunit
49 error If you need help, you may report this error at:
49 error     <https://github.com/npm/npm/issues>
50 verbose exit [ 1, true ]
